From https://github.com/karthikeya0800/Everyday
 * branch            main       -> FETCH_HEAD
Already up to date.
[main 5c67dfc] date updated
 2 files changed, 1 insertion(+), 8 deletions(-)
To https://github.com/karthikeya0800/Everyday.git
   1534636..5c67dfc  main -> main
--------------------------end of file--------------------------
From https://github.com/karthikeya0800/Everyday
 * branch            main       -> FETCH_HEAD
Already up to date.
[main bf8625a] date updated
 2 files changed, 9 insertions(+)
To https://github.com/karthikeya0800/Everyday.git
   5c67dfc..bf8625a  main -> main
--------------------------end of file--------------------------
From https://github.com/karthikeya0800/Everyday
 * branch            main       -> FETCH_HEAD
Already up to date.
[main df7f7b6] date updated
 2 files changed, 9 insertions(+)
To https://github.com/karthikeya0800/Everyday.git
   bf8625a..df7f7b6  main -> main
--------------------------end of file--------------------------
From https://github.com/karthikeya0800/Everyday
 * branch            main       -> FETCH_HEAD
Already up to date.
[main f9c2a6b] date updated
 2 files changed, 9 insertions(+)
To https://github.com/karthikeya0800/Everyday.git
   df7f7b6..f9c2a6b  main -> main
--------------------------end of file--------------------------
From https://github.com/karthikeya0800/Everyday
 * branch            main       -> FETCH_HEAD
Already up to date.
[main 8d9638e] date updated
 2 files changed, 9 insertions(+)
To https://github.com/karthikeya0800/Everyday.git
   f9c2a6b..8d9638e  main -> main
--------------------------end of file--------------------------
From https://github.com/karthikeya0800/Everyday
 * branch            main       -> FETCH_HEAD
Already up to date.
